<?xml version="1.0" encoding="UTF-8"?>
<testng-results ignored="0" total="3" passed="3" failed="0" skipped="0">
  <reporter-output>
  </reporter-output>
  <suite started-at="2024-06-25T23:08:42 BST" name="Default suite" finished-at="2024-06-25T23:10:16 BST" duration-ms="93798">
    <groups>
      <group name="cucumber">
        <method signature="AbstractTestNGCucumberTests.runScenario(io.cucumber.testng.PickleWrapper,io.cucumber.testng.FeatureWrapper)[pri:0, instance:TestRunner.CucumberTestRunner@6989da5e]" name="runScenario" class="io.cucumber.testng.AbstractTestNGCucumberTests"/>
      </group> <!-- cucumber -->
    </groups>
    <test started-at="2024-06-25T23:08:42 BST" name="Default test" finished-at="2024-06-25T23:10:16 BST" duration-ms="93798">
      <class name="TestRunner.CucumberTestRunner">
        <test-method is-config="true" signature="setUpClass(org.testng.ITestContext)[pri:0, instance:TestRunner.CucumberTestRunner@6989da5e]" started-at="2024-06-25T23:08:42 BST" name="setUpClass" finished-at="2024-06-25T23:08:43 BST" duration-ms="637" status="PASS">
          <params>
            <param index="0">
              <value>
                <![CDATA[org.testng.TestRunner@3ae9d1e2]]>
              </value>
            </param>
          </params>
          <reporter-output>
          </reporter-output>
        </test-method> <!-- setUpClass -->
        <test-method signature="runScenario(io.cucumber.testng.PickleWrapper,io.cucumber.testng.FeatureWrapper)[pri:0, instance:TestRunner.CucumberTestRunner@6989da5e]" started-at="2024-06-25T23:08:43 BST" name="runScenario" description="Runs Cucumber Scenarios" data-provider="scenarios" finished-at="2024-06-25T23:09:13 BST" duration-ms="30256" status="PASS">
          <params>
            <param index="0">
              <value>
                <![CDATA["User to be able to view mission and vision statement of Liaison Group"]]>
              </value>
            </param>
            <param index="1">
              <value>
                <![CDATA["AboutUs automation for Liaison Group"]]>
              </value>
            </param>
          </params>
          <reporter-output>
          </reporter-output>
        </test-method> <!-- runScenario -->
        <test-method signature="runScenario(io.cucumber.testng.PickleWrapper,io.cucumber.testng.FeatureWrapper)[pri:0, instance:TestRunner.CucumberTestRunner@6989da5e]" started-at="2024-06-25T23:09:13 BST" name="runScenario" description="Runs Cucumber Scenarios" data-provider="scenarios" finished-at="2024-06-25T23:09:47 BST" duration-ms="33649" status="PASS">
          <params>
            <param index="0">
              <value>
                <![CDATA["User to be able to get in touch with Liaison Group"]]>
              </value>
            </param>
            <param index="1">
              <value>
                <![CDATA["ContactUs page automation for Liaison Group website"]]>
              </value>
            </param>
          </params>
          <reporter-output>
          </reporter-output>
        </test-method> <!-- runScenario -->
        <test-method signature="runScenario(io.cucumber.testng.PickleWrapper,io.cucumber.testng.FeatureWrapper)[pri:0, instance:TestRunner.CucumberTestRunner@6989da5e]" started-at="2024-06-25T23:09:47 BST" name="runScenario" description="Runs Cucumber Scenarios" data-provider="scenarios" finished-at="2024-06-25T23:10:16 BST" duration-ms="29156" status="PASS">
          <params>
            <param index="0">
              <value>
                <![CDATA["User to be able to search for NHS At Work"]]>
              </value>
            </param>
            <param index="1">
              <value>
                <![CDATA["Search automation for Liaison Group"]]>
              </value>
            </param>
          </params>
          <reporter-output>
          </reporter-output>
        </test-method> <!-- runScenario -->
        <test-method is-config="true" signature="tearDownClass()[pri:0, instance:TestRunner.CucumberTestRunner@6989da5e]" started-at="2024-06-25T23:10:16 BST" name="tearDownClass" finished-at="2024-06-25T23:10:16 BST" duration-ms="29" status="PASS">
          <reporter-output>
          </reporter-output>
        </test-method> <!-- tearDownClass -->
      </class> <!-- TestRunner.CucumberTestRunner -->
    </test> <!-- Default test -->
  </suite> <!-- Default suite -->
</testng-results>
